Build started 6/26/2024 5:24:06 PM.
     1>Project "C:\Users\srv_training\Desktop\Project1\Project1\Project1.vcxproj" on node 2 (Build target(s)).
     1>ClCompile:
         C:\Program Files (x86)\Microsoft Visual Studio 11.0\VC\bin\CL.exe /c /I"C:\SFML-2.4.1\include" /ZI /nologo /W3 /WX- /Od /Oy- /D _MBCS /Gm /EHsc /RTC1 /MDd /GS /fp:precise /Zc:wchar_t /Zc:forScope /Fo"Debug\\" /Fd"Debug\vc110.pdb" /Gd /TP /analyze- /errorReport:prompt Game.cpp
         Game.cpp
       Link:
         C:\Program Files (x86)\Microsoft Visual Studio 11.0\VC\bin\link.exe /ERRORREPORT:PROMPT /OUT:"C:\Users\srv_training\Desktop\Project1\Debug\Project1.exe" /INCREMENTAL /NOLOGO /LIBPATH:"C:\SFML-2.4.1\lib" "sfml-window-d.lib" "sfml-system-d.lib" "sfml-graphics-d.lib" kernel32.lib user32.lib gdi32.lib winspool.lib comdlg32.lib advapi32.lib shell32.lib ole32.lib oleaut32.lib uuid.lib odbc32.lib odbccp32.lib /MANIFEST /MANIFESTUAC:"level='asInvoker' uiAccess='false'" /manifest:embed /DEBUG /PDB:"C:\Users\srv_training\Desktop\Project1\Debug\Project1.pdb" /TLBID:1 /DYNAMICBASE /NXCOMPAT /IMPLIB:"C:\Users\srv_training\Desktop\Project1\Debug\Project1.lib" /MACHINE:X86 Debug\AI.obj
         Debug\Ball.obj
         Debug\Entity.obj
         Debug\Game.obj
         Debug\KeyBoard.obj
         Debug\main.obj
         Debug\Menu.obj
         Debug\Source.obj
         Debug\Player.obj
         Debug\PowerUp.obj
         Debug\Mobility.obj
         Debug\Source1.obj
         Debug\Wall.obj
         Project1.vcxproj -> C:\Users\srv_training\Desktop\Project1\Debug\Project1.exe
     1>Done Building Project "C:\Users\srv_training\Desktop\Project1\Project1\Project1.vcxproj" (Build target(s)).

Build succeeded.

Time Elapsed 00:00:03.76
